2023-08-01 07:32:45,133 - info_log - INFO - Found 100 thumbnail images! Extracting links from 0:100...
2023-08-01 07:36:07,296 - info_log - INFO - Found 0 image links, looking for more...
2023-08-01 07:36:49,764 - info_log - INFO - Got 10 image links!
2023-08-01 07:36:56,666 - info_log - INFO - Successfully downloaded images by query "cats" from Yandex

2023-08-01 07:40:48,053 - info_log - INFO - Got 100 image links!
2023-08-01 07:41:33,733 - info_log - INFO - Successfully downloaded images by query "cats" from Yandex

2023-08-01 07:44:23,075 - info_log - INFO - Got 10 image links!
2023-08-01 07:44:30,065 - info_log - INFO - Successfully downloaded images by query "hoses" from Yandex

2023-08-01 07:58:04,051 - info_log - INFO - Got 300 image links!
2023-08-01 08:13:37,325 - info_log - INFO - Got 60 image links!
2023-08-01 08:14:03,701 - info_log - INFO - Successfully downloaded images by query "ground1" from Yandex

2023-08-01 08:20:30,132 - info_log - INFO - Got 100 image links!
2023-08-01 08:21:21,649 - info_log - INFO - Successfully downloaded images by query "sidewalk" from Yandex

2023-08-01 08:35:02,766 - info_log - INFO - Got 100 image links!
2023-08-01 08:35:43,770 - info_log - INFO - Successfully downloaded images by query "sidewalk1" from Yandex

2023-08-01 08:43:06,013 - info_log - INFO - Got 100 image links!
2023-08-01 08:43:51,107 - info_log - INFO - Successfully downloaded images by query "sidewalk2" from Yandex

2023-08-01 08:49:17,131 - info_log - INFO - Got 100 image links!
2023-08-01 08:49:59,318 - info_log - INFO - Successfully downloaded images by query "break_road" from Yandex

2023-08-01 08:54:14,570 - info_log - INFO - Got 100 image links!
2023-08-01 08:55:25,956 - info_log - INFO - Successfully downloaded images by query "break_road1" from Yandex

2023-08-01 09:18:01,324 - info_log - INFO - Got 100 image links!
2023-08-01 09:18:42,251 - info_log - INFO - Successfully downloaded images by query "puddles" from Yandex

2023-08-01 09:23:00,347 - info_log - INFO - Got 100 image links!
2023-08-01 09:23:45,391 - info_log - INFO - Successfully downloaded images by query "puddles1" from Yandex

2023-08-01 16:15:11,688 - info_log - INFO - Got 100 image links!
2023-08-01 16:17:17,613 - info_log - INFO - Successfully downloaded images by query "puddles2" from Yandex

2023-08-01 16:25:38,219 - info_log - INFO - Got 100 image links!
2023-08-01 16:26:15,741 - info_log - INFO - Successfully downloaded images by query "wires" from Yandex

2023-08-01 16:34:27,180 - info_log - INFO - Got 100 image links!
2023-08-01 16:35:29,857 - info_log - INFO - Successfully downloaded images by query "wires1" from Yandex

2023-08-01 16:45:54,513 - info_log - INFO - Got 100 image links!
2023-08-01 16:46:34,463 - info_log - INFO - Successfully downloaded images by query "wires2" from Yandex

2023-08-01 17:00:34,001 - info_log - INFO - Got 100 image links!
2023-08-01 17:01:28,126 - info_log - INFO - Successfully downloaded images by query "wires3" from Yandex

2023-08-01 17:08:18,158 - info_log - INFO - Got 100 image links!
2023-08-01 17:09:22,677 - info_log - INFO - Successfully downloaded images by query "wires4" from Yandex

2023-08-01 17:17:51,034 - info_log - INFO - Got 100 image links!
2023-08-01 17:18:32,662 - info_log - INFO - Successfully downloaded images by query "wires5" from Yandex

2023-08-01 19:05:13,841 - info_log - INFO - Got 100 image links!
2023-08-01 19:05:59,830 - info_log - INFO - Successfully downloaded images by query "wires6" from Yandex

2023-08-01 19:17:46,908 - info_log - INFO - Got 100 image links!
2023-08-01 19:18:35,756 - info_log - INFO - Successfully downloaded images by query "wires7" from Yandex

2023-08-01 19:35:05,176 - info_log - INFO - Got 100 image links!
2023-08-01 19:36:27,862 - info_log - INFO - Successfully downloaded images by query "firehose" from Yandex

2023-08-01 19:53:31,559 - info_log - INFO - Got 100 image links!
2023-08-01 20:22:28,151 - info_log - INFO - Got 100 image links!
2023-08-01 20:23:07,907 - info_log - INFO - Successfully downloaded images by query "firehose2" from Yandex

2023-08-01 20:56:45,093 - info_log - INFO - Got 200 image links!
2023-08-01 20:58:25,113 - info_log - INFO - Successfully downloaded images by query "firehose3" from Yandex

2023-08-01 21:41:15,212 - info_log - INFO - Got 586 image links!
2023-08-01 22:48:40,584 - info_log - INFO - Got 200 image links!
2023-08-01 22:50:03,862 - info_log - INFO - Successfully downloaded images by query "wastes" from Yandex

2023-08-01 23:04:58,646 - info_log - INFO - Got 200 image links!
2023-08-01 23:06:17,720 - info_log - INFO - Successfully downloaded images by query "wastes2" from Yandex

2023-08-02 07:15:13,699 - info_log - INFO - Got 200 image links!
2023-08-02 07:16:35,189 - info_log - INFO - Successfully downloaded images by query "roads" from Yandex

2023-08-02 07:36:52,060 - info_log - INFO - Got 200 image links!
2023-08-02 07:38:09,633 - info_log - INFO - Successfully downloaded images by query "roads1" from Yandex

2023-08-02 07:59:07,526 - info_log - INFO - Got 200 image links!
2023-08-02 08:00:36,594 - info_log - INFO - Successfully downloaded images by query "grounds3" from Yandex

2023-08-02 08:21:05,622 - info_log - INFO - Got 200 image links!
2023-08-02 08:44:13,309 - info_log - INFO - Got 200 image links!
2023-08-02 08:45:33,965 - info_log - INFO - Successfully downloaded images by query "breakroad" from Yandex

2023-08-02 09:16:52,561 - info_log - INFO - Got 200 image links!
2023-08-02 09:18:21,369 - info_log - INFO - Successfully downloaded images by query "breakroad1" from Yandex

2023-08-02 09:37:02,761 - info_log - INFO - Got 200 image links!
2023-08-02 09:38:56,316 - info_log - INFO - Successfully downloaded images by query "breakroad2" from Yandex

2023-08-02 10:08:37,619 - info_log - INFO - Got 300 image links!
2023-08-02 10:11:01,219 - info_log - INFO - Successfully downloaded images by query "hoses" from Yandex

2023-08-02 12:33:29,326 - info_log - INFO - Got 200 image links!
2023-08-02 12:34:53,539 - info_log - INFO - Successfully downloaded images by query "hoses1" from Yandex

2023-08-02 12:50:15,029 - info_log - INFO - Got 300 image links!
2023-08-02 12:52:09,642 - info_log - INFO - Successfully downloaded images by query "wires8" from Yandex

2023-08-02 12:59:27,607 - info_log - INFO - Got 1 image links!
2023-08-02 12:59:29,978 - info_log - INFO - Successfully downloaded images by query "123" from Yandex

2023-08-02 14:12:15,448 - info_log - INFO - Got 10 image links!
2023-08-02 14:12:22,114 - info_log - INFO - Successfully downloaded images by query "cats" from Yandex

2023-08-02 14:41:31,931 - info_log - INFO - Got 300 image links!
2023-08-02 14:46:37,461 - info_log - INFO - Successfully downloaded images by query "wires9" from Yandex

2023-08-02 15:08:03,686 - info_log - INFO - Got 300 image links!
2023-08-02 15:10:23,844 - info_log - INFO - Successfully downloaded images by query "wires9" from Yandex

2023-08-02 15:50:10,601 - info_log - INFO - Got 300 image links!
2023-08-02 15:53:36,072 - info_log - INFO - Successfully downloaded images by query "wires10" from Yandex

2023-08-03 12:52:29,016 - info_log - INFO - Got 10 image links!
2023-08-03 12:52:34,845 - info_log - INFO - Successfully downloaded images by query "123" from Yandex

2023-08-03 12:54:13,312 - info_log - INFO - Got 10 image links!
2023-08-03 12:54:18,871 - info_log - INFO - Successfully downloaded images by query "123" from Yandex

2023-08-04 08:32:12,516 - info_log - INFO - Got 200 image links!
2023-08-04 08:34:01,610 - info_log - INFO - Successfully downloaded images by query "wires_integrant" from Yandex

2023-08-04 09:28:44,986 - info_log - INFO - Got 300 image links!
2023-08-04 09:32:28,609 - info_log - INFO - Successfully downloaded images by query "wires11" from Yandex

2023-08-04 13:45:06,115 - info_log - INFO - Got 200 image links!
2023-08-04 13:46:26,621 - info_log - INFO - Successfully downloaded images by query "wires12" from Yandex

2023-08-05 09:14:57,991 - info_log - INFO - Successfully downloaded images by query "123" from None

2023-08-05 14:13:06,615 - info_log - INFO - Successfully downloaded images by query "hoses_baidu" from None

2023-08-05 17:42:16,598 - info_log - INFO - Successfully downloaded images by query "hoses_baidu2" from None

2023-08-05 23:34:57,413 - info_log - INFO - Successfully downloaded images by query "hoses_baidu5" from None

2023-08-06 08:00:50,706 - info_log - INFO - Successfully downloaded images by query "123" from None

2023-08-06 08:15:17,586 - info_log - INFO - Successfully downloaded images by query "hoses_baidu6" from None

2023-08-06 13:52:23,978 - info_log - INFO - Successfully downloaded images by query "firehose_baidu" from None

2023-08-07 08:36:02,911 - info_log - INFO - Got 200 image links!
2023-08-07 08:37:43,343 - info_log - INFO - Successfully downloaded images by query "breakroad3" from Yandex

2023-08-07 08:54:49,514 - info_log - INFO - Got 200 image links!
2023-08-07 08:57:22,888 - info_log - INFO - Successfully downloaded images by query "breakroad3" from Yandex

2023-08-07 09:14:40,257 - info_log - INFO - Got 200 image links!
2023-08-07 09:16:24,995 - info_log - INFO - Successfully downloaded images by query "breakroad4" from Yandex

2023-08-07 09:27:42,803 - info_log - INFO - Got 200 image links!
2023-08-07 09:29:02,137 - info_log - INFO - Successfully downloaded images by query "ground5" from Yandex

2023-08-07 09:37:26,065 - info_log - INFO - Got 200 image links!
2023-08-07 09:38:47,656 - info_log - INFO - Successfully downloaded images by query "ground6" from Yandex

2023-08-07 09:54:56,056 - info_log - INFO - Got 200 image links!
2023-08-07 09:56:33,800 - info_log - INFO - Successfully downloaded images by query "ground7" from Yandex

2023-08-07 10:06:03,192 - info_log - INFO - Got 200 image links!
2023-08-07 10:08:23,735 - info_log - INFO - Successfully downloaded images by query "puddles3" from Yandex

2023-08-07 13:48:06,060 - info_log - INFO - Got 200 image links!
2023-08-07 13:49:28,033 - info_log - INFO - Successfully downloaded images by query "puddles4" from Yandex

2023-08-07 14:01:19,020 - info_log - INFO - Got 200 image links!
2023-08-07 14:03:20,837 - info_log - INFO - Successfully downloaded images by query "roads3" from Yandex

2023-08-07 14:13:45,206 - info_log - INFO - Got 200 image links!
2023-08-07 14:15:07,324 - info_log - INFO - Successfully downloaded images by query "roads4" from Yandex

2023-08-07 14:41:57,609 - info_log - INFO - Got 200 image links!
2023-08-07 14:43:47,125 - info_log - INFO - Successfully downloaded images by query "sidewalk3" from Yandex

2023-08-07 14:56:47,093 - info_log - INFO - Got 200 image links!
2023-08-07 14:58:20,657 - info_log - INFO - Successfully downloaded images by query "sidewalk4" from Yandex

2023-08-08 07:41:02,866 - info_log - INFO - Got 200 image links!
2023-08-08 07:43:48,973 - info_log - INFO - Successfully downloaded images by query "wastes3" from Yandex

2023-08-08 08:10:56,985 - info_log - INFO - Got 200 image links!
2023-08-08 08:12:26,183 - info_log - INFO - Successfully downloaded images by query "wastes4" from Yandex

2023-08-08 08:32:55,611 - info_log - INFO - Got 200 image links!
2023-08-08 08:34:35,085 - info_log - INFO - Successfully downloaded images by query "wastes5" from Yandex

2023-08-08 08:45:56,529 - info_log - INFO - Got 200 image links!
2023-08-08 08:47:19,353 - info_log - INFO - Successfully downloaded images by query "wastes6" from Yandex

2023-08-08 10:58:30,400 - info_log - INFO - Got 200 image links!
2023-08-08 11:02:56,401 - info_log - INFO - Successfully downloaded images by query "firehose4" from Yandex

2023-08-08 11:08:15,085 - info_log - INFO - Successfully downloaded images by query "firehose2_baidu" from None

2023-08-14 09:14:30,486 - info_log - INFO - Got 300 image links!
2023-08-14 09:16:52,841 - info_log - INFO - Successfully downloaded images by query "breakroad5" from Yandex

2023-08-14 11:25:16,597 - info_log - INFO - Got 200 image links!
2023-08-14 11:26:38,411 - info_log - INFO - Successfully downloaded images by query "breakroad6" from Yandex

2023-08-14 13:46:44,712 - info_log - INFO - Got 250 image links!
2023-08-14 13:49:15,398 - info_log - INFO - Successfully downloaded images by query "breakroad7" from Yandex

2023-08-14 14:04:44,441 - info_log - INFO - Successfully downloaded images by query "breakroad_baidu" from None

2023-08-14 14:36:18,776 - info_log - INFO - Got 250 image links!
2023-08-14 14:38:06,974 - info_log - INFO - Successfully downloaded images by query "breakroad8" from Yandex

2023-08-14 15:37:59,843 - info_log - INFO - Got 250 image links!
2023-08-14 15:39:43,680 - info_log - INFO - Successfully downloaded images by query "roads5" from Yandex

2023-08-15 08:47:44,171 - info_log - INFO - Got 200 image links!
2023-08-15 08:48:53,347 - info_log - INFO - Successfully downloaded images by query "roads6" from Yandex

2023-08-15 09:00:55,259 - info_log - INFO - Got 100 image links!
2023-08-15 09:01:34,353 - info_log - INFO - Successfully downloaded images by query "roads7" from Yandex

2023-08-15 09:15:39,947 - info_log - INFO - Got 250 image links!
2023-08-15 09:17:18,352 - info_log - INFO - Successfully downloaded images by query "ground8" from Yandex

2023-08-15 09:40:25,795 - info_log - INFO - Got 120 image links!
2023-08-15 09:41:13,438 - info_log - INFO - Successfully downloaded images by query "ground9" from Yandex

2023-08-15 09:58:52,721 - info_log - INFO - Got 150 image links!
2023-08-15 09:59:53,636 - info_log - INFO - Successfully downloaded images by query "sidewalk5" from Yandex

2023-08-15 10:17:56,810 - info_log - INFO - Got 150 image links!
2023-08-15 10:18:56,397 - info_log - INFO - Successfully downloaded images by query "sidewalk6" from Yandex

2023-08-15 10:28:42,985 - info_log - INFO - Got 120 image links!
2023-08-15 10:29:36,413 - info_log - INFO - Successfully downloaded images by query "sidewalk7" from Yandex

2023-08-15 10:42:09,338 - info_log - INFO - Got 250 image links!
2023-08-15 10:43:58,209 - info_log - INFO - Successfully downloaded images by query "puddles5" from Yandex

2023-08-15 11:00:39,243 - info_log - INFO - Got 250 image links!
2023-08-15 11:02:30,799 - info_log - INFO - Successfully downloaded images by query "puddles6" from Yandex

2023-08-15 11:23:20,922 - info_log - INFO - Got 150 image links!
2023-08-15 11:25:47,291 - info_log - INFO - Successfully downloaded images by query "puddles7" from Yandex

2023-08-15 13:42:43,535 - info_log - INFO - Got 300 image links!
2023-08-15 13:45:36,299 - info_log - INFO - Successfully downloaded images by query "hoses2" from Yandex

2023-08-15 14:09:17,198 - info_log - INFO - Got 150 image links!
2023-08-15 14:10:40,858 - info_log - INFO - Successfully downloaded images by query "hoses3" from Yandex

2023-08-15 14:18:03,792 - info_log - INFO - Got 30 image links!
2023-08-15 14:18:18,296 - info_log - INFO - Successfully downloaded images by query "hoses3" from Yandex

2023-08-15 14:37:46,004 - info_log - INFO - Got 300 image links!
2023-08-15 14:40:14,317 - info_log - INFO - Successfully downloaded images by query "wires13" from Yandex

2023-08-15 15:04:15,030 - info_log - INFO - Got 200 image links!
2023-08-15 15:05:54,543 - info_log - INFO - Successfully downloaded images by query "wires14" from Yandex

2023-08-15 15:18:45,883 - info_log - INFO - Got 20 image links!
2023-08-15 15:18:56,063 - info_log - INFO - Successfully downloaded images by query "wires13" from Yandex

2024-06-09 14:00:29,917 - info_log - INFO - Got 100 image links!
2024-06-09 14:01:05,812 - info_log - INFO - Successfully downloaded images by query "test" from Yandex

